Removed Pin From Net: NetName=GND_M Pin=C31-2
Removed Pin From Net: NetName=GND_M Pin=C32-2
Removed Pin From Net: NetName=GND_M Pin=C33-2
Removed Pin From Net: NetName=GND_M Pin=C34-2
Removed Pin From Net: NetName=GND_M Pin=C35-2
Removed Pin From Net: NetName=GND_M Pin=C36-2
Removed Pin From Net: NetName=GND_M Pin=C37-2
Removed Pin From Net: NetName=GND_M Pin=C38-2
Removed Pin From Net: NetName=GND Pin=DS1-2
Change Component Footprint: Designator=R8 Old Footprint=R 1206_L New Footprint=R 0805_L
Change Component Footprint: Designator=R9 Old Footprint=R 1206_L New Footprint=R 0805_L
Change Component Footprint: Designator=R18 Old Footprint=R 1206_L New Footprint=R 0805_L
Change Component Footprint: Designator=R19 Old Footprint=R 1206_L New Footprint=R 0805_L
Change Component Footprint: Designator=R28 Old Footprint=R 1206_L New Footprint=R 0805_L
Change Component Footprint: Designator=R29 Old Footprint=R 1206_L New Footprint=R 0805_L
Change Component Footprint: Designator=R38 Old Footprint=R 1206_L New Footprint=R 0805_L
Change Component Footprint: Designator=R39 Old Footprint=R 1206_L New Footprint=R 0805_L
Added Pin To Net: NetName=GND Pin=C31-2
Added Pin To Net: NetName=GND Pin=C32-2
Added Pin To Net: NetName=GND Pin=C33-2
Added Pin To Net: NetName=GND Pin=C34-2
Added Pin To Net: NetName=GND Pin=C35-2
Added Pin To Net: NetName=GND Pin=C36-2
Added Pin To Net: NetName=GND Pin=C37-2
Added Pin To Net: NetName=GND Pin=C38-2
Added Pin To Net: NetName=GND_M Pin=DS1-2
Added Room: Name=Driver
