Change Component Footprint: Designator=C1 Old Footprint=C 0402_L New Footprint=C 0805_M
Change Component Footprint: Designator=C2 Old Footprint=C 0402_L New Footprint=C 0805_M
Change Component Footprint: Designator=C3 Old Footprint=C 0402_L New Footprint=C 0805_M
Change Component Footprint: Designator=C4 Old Footprint=C 0402_L New Footprint=C 0805_M
Change Component Footprint: Designator=C5 Old Footprint=C 0402_L New Footprint=C 0805_M
Change Component Footprint: Designator=C6 Old Footprint=C 0402_L New Footprint=C 0805_M
Change Component Footprint: Designator=C7 Old Footprint=C 0402_L New Footprint=C 0805_M
Change Component Footprint: Designator=C8 Old Footprint=C 0402_L New Footprint=C 0805_M
Change Component Footprint: Designator=C9 Old Footprint=C 0402_L New Footprint=C 0805_M
Change Component Footprint: Designator=C10 Old Footprint=C 0402_L New Footprint=C 0805_M
Change Component Footprint: Designator=C11 Old Footprint=C 0402_L New Footprint=C 0805_M
Change Component Footprint: Designator=C12 Old Footprint=C 0402_L New Footprint=C 0805_M
Change Component Footprint: Designator=C13 Old Footprint=C 0402_L New Footprint=C 0805_M
Change Component Footprint: Designator=C14 Old Footprint=C 0402_L New Footprint=C 0805_M
Change Component Footprint: Designator=C15 Old Footprint=C 0402_L New Footprint=C 0805_M
Change Component Footprint: Designator=C16 Old Footprint=C 0402_L New Footprint=C 0805_M
Change Component Footprint: Designator=C17 Old Footprint=C 0402_L New Footprint=C 0805_M
Change Component Footprint: Designator=C18 Old Footprint=C 0402_L New Footprint=C 0805_M
Change Component Footprint: Designator=C19 Old Footprint=C 0402_L New Footprint=C 0805_M
Change Component Footprint: Designator=C20 Old Footprint=C 0402_L New Footprint=C 0805_M
Change Component Footprint: Designator=C21 Old Footprint=C 0402_L New Footprint=C 0805_M
Change Component Footprint: Designator=C22 Old Footprint=C 0402_L New Footprint=C 0805_M
Change Component Footprint: Designator=C24 Old Footprint=C 0402_L New Footprint=C 0805_M
Change Component Footprint: Designator=C25 Old Footprint=C 0402_L New Footprint=C 0805_M
Change Component Footprint: Designator=C27 Old Footprint=C 0402_L New Footprint=C 0805_M
Change Component Footprint: Designator=C30 Old Footprint=C 0402_L New Footprint=C 0805_M
Change Component Footprint: Designator=C31 Old Footprint=C 0402_L New Footprint=C 0805_M
Change Component Footprint: Designator=C32 Old Footprint=C 0402_L New Footprint=C 0805_M
Change Component Footprint: Designator=C33 Old Footprint=C 0402_L New Footprint=C 0805_M
Change Component Footprint: Designator=C34 Old Footprint=C 0402_L New Footprint=C 0805_M
Change Component Footprint: Designator=C35 Old Footprint=C 0402_L New Footprint=C 0805_M
Change Component Footprint: Designator=C36 Old Footprint=C 0402_L New Footprint=C 0805_M
Change Component Footprint: Designator=C37 Old Footprint=C 0402_L New Footprint=C 0805_M
Change Component Footprint: Designator=C38 Old Footprint=C 0402_L New Footprint=C 0805_M
Change Component Footprint: Designator=C39 Old Footprint=C 0402_L New Footprint=C 0805_M
Change Component Footprint: Designator=C40 Old Footprint=C 0402_L New Footprint=C 0805_M
Change Component Footprint: Designator=C41 Old Footprint=C 0402_L New Footprint=C 0805_M
Change Component Footprint: Designator=C42 Old Footprint=C 0402_L New Footprint=C 0805_M
Change Component Footprint: Designator=C43 Old Footprint=C 0402_L New Footprint=C 0805_M
Change Component Footprint: Designator=C44 Old Footprint=C 0402_L New Footprint=C 0805_M
Change Component Footprint: Designator=C45 Old Footprint=C 0402_L New Footprint=C 0805_M
Change Component Footprint: Designator=C46 Old Footprint=C 0402_L New Footprint=C 0805_M
Change Component Footprint: Designator=C47 Old Footprint=C 0402_L New Footprint=C 0805_M
Change Component Footprint: Designator=C58 Old Footprint=C 0402_L New Footprint=C 0805_M
Change Component Footprint: Designator=C86 Old Footprint=C 0402_L New Footprint=C 0805_M
Change Component Footprint: Designator=L1 Old Footprint=R 0402_L New Footprint=R 0805_L
Change Component Footprint: Designator=L8 Old Footprint=R 0402_L New Footprint=R 0805_L
Change Component Footprint: Designator=R1 Old Footprint=R 0402_L New Footprint=R 0805_L
Change Component Footprint: Designator=R2 Old Footprint=R 0402_L New Footprint=R 0805_L
Change Component Footprint: Designator=R3 Old Footprint=R 0402_L New Footprint=R 0805_L
Change Component Footprint: Designator=R4 Old Footprint=R 0402_L New Footprint=R 0805_L
Change Component Footprint: Designator=R5 Old Footprint=R 0402_L New Footprint=R 0805_L
Change Component Footprint: Designator=R6 Old Footprint=R 0402_L New Footprint=R 0805_L
Change Component Footprint: Designator=R7 Old Footprint=R 0402_L New Footprint=R 0805_L
Change Component Footprint: Designator=R8 Old Footprint=R 0402_L New Footprint=R 0805_L
Change Component Footprint: Designator=R9 Old Footprint=R 0402_L New Footprint=R 0805_L
Change Component Footprint: Designator=R10 Old Footprint=R 0402_L New Footprint=R 0805_L
Change Component Footprint: Designator=R11 Old Footprint=R 0402_L New Footprint=R 0805_L
Change Component Footprint: Designator=R12 Old Footprint=R 0402_L New Footprint=R 0805_L
Change Component Footprint: Designator=R13 Old Footprint=R 0402_L New Footprint=R 0805_L
Change Component Footprint: Designator=R14 Old Footprint=R 0402_L New Footprint=R 0805_L
Change Component Footprint: Designator=R15 Old Footprint=R 0402_L New Footprint=R 0805_L
Change Component Footprint: Designator=R16 Old Footprint=R 0402_L New Footprint=R 0805_L
Change Component Footprint: Designator=R17 Old Footprint=R 0402_L New Footprint=R 0805_L
Change Component Footprint: Designator=R18 Old Footprint=R 0402_L New Footprint=R 0805_L
Change Component Footprint: Designator=R19 Old Footprint=R 0402_L New Footprint=R 0805_L
Change Component Footprint: Designator=R20 Old Footprint=R 0402_L New Footprint=R 0805_L
Change Component Footprint: Designator=R21 Old Footprint=R 0402_L New Footprint=R 0805_L
Change Component Footprint: Designator=R22 Old Footprint=R 0402_L New Footprint=R 0805_L
Change Component Footprint: Designator=R23 Old Footprint=R 0402_L New Footprint=R 0805_L
Change Component Footprint: Designator=R24 Old Footprint=R 0402_L New Footprint=R 0805_L
Change Component Footprint: Designator=R25 Old Footprint=R 0402_L New Footprint=R 0805_L
Change Component Footprint: Designator=R26 Old Footprint=R 0402_L New Footprint=R 0805_L
Change Component Footprint: Designator=R27 Old Footprint=R 0402_L New Footprint=R 0805_L
Change Component Footprint: Designator=R28 Old Footprint=R 0402_L New Footprint=R 0805_L
Change Component Footprint: Designator=R29 Old Footprint=R 0402_L New Footprint=R 0805_L
Change Component Footprint: Designator=R30 Old Footprint=R 0402_L New Footprint=R 0805_L
Change Component Footprint: Designator=R31 Old Footprint=R 0402_L New Footprint=R 0805_L
Change Component Footprint: Designator=R32 Old Footprint=R 0402_L New Footprint=R 0805_L
Change Component Footprint: Designator=R33 Old Footprint=R 0402_L New Footprint=R 0805_L
Change Component Footprint: Designator=R34 Old Footprint=R 0402_L New Footprint=R 0805_L
Change Component Footprint: Designator=R35 Old Footprint=R 0402_L New Footprint=R 0805_L
Change Component Footprint: Designator=R36 Old Footprint=R 0402_L New Footprint=R 0805_L
Change Component Footprint: Designator=R37 Old Footprint=R 0402_L New Footprint=R 0805_L
Change Component Footprint: Designator=R38 Old Footprint=R 0402_L New Footprint=R 0805_L
Change Component Footprint: Designator=R39 Old Footprint=R 0402_L New Footprint=R 0805_L
Change Component Footprint: Designator=R40 Old Footprint=R 0402_L New Footprint=R 0805_L
Change Component Footprint: Designator=R41 Old Footprint=R 0402_L New Footprint=R 0805_L
Change Component Footprint: Designator=R42 Old Footprint=R 0402_L New Footprint=R 0805_L
Change Component Footprint: Designator=R87 Old Footprint=R 0402_L New Footprint=R 0805_L
Change Component Footprint: Designator=R88 Old Footprint=R 0402_L New Footprint=R 0805_L
Change Component Comment : Designator=C1 Old Comment=0402 New Comment=0805
Change Component Comment : Designator=C2 Old Comment=0402 New Comment=0805
Change Component Comment : Designator=C3 Old Comment=0402 New Comment=0805
Change Component Comment : Designator=C4 Old Comment=0402 New Comment=0805
Change Component Comment : Designator=C5 Old Comment=0402 New Comment=0805
Change Component Comment : Designator=C6 Old Comment=0402 New Comment=0805
Change Component Comment : Designator=C7 Old Comment=0402 New Comment=0805
Change Component Comment : Designator=C8 Old Comment=0402 New Comment=0805
Change Component Comment : Designator=C9 Old Comment=0402 New Comment=0805
Change Component Comment : Designator=C10 Old Comment=0402 New Comment=0805
Change Component Comment : Designator=C11 Old Comment=0402 New Comment=0805
Change Component Comment : Designator=C12 Old Comment=0402 New Comment=0805
Change Component Comment : Designator=C13 Old Comment=0402 New Comment=0805
Change Component Comment : Designator=C14 Old Comment=0402 New Comment=0805
Change Component Comment : Designator=C15 Old Comment=0402 New Comment=0805
Change Component Comment : Designator=C16 Old Comment=0402 New Comment=0805
Change Component Comment : Designator=C17 Old Comment=0402 New Comment=0805
Change Component Comment : Designator=C18 Old Comment=0402 New Comment=0805
Change Component Comment : Designator=C19 Old Comment=0402 New Comment=0805
Change Component Comment : Designator=C20 Old Comment=0402 New Comment=0805
Change Component Comment : Designator=C21 Old Comment=0402 New Comment=0805
Change Component Comment : Designator=C22 Old Comment=0402 New Comment=0805
Change Component Comment : Designator=C24 Old Comment=0402 New Comment=0805
Change Component Comment : Designator=C25 Old Comment=0402 New Comment=0805
Change Component Comment : Designator=C27 Old Comment=0402 New Comment=0805
Change Component Comment : Designator=C30 Old Comment=0402 New Comment=0805
Change Component Comment : Designator=C31 Old Comment=0402 New Comment=0805
Change Component Comment : Designator=C32 Old Comment=0402 New Comment=0805
Change Component Comment : Designator=C33 Old Comment=0402 New Comment=0805
Change Component Comment : Designator=C34 Old Comment=0402 New Comment=0805
Change Component Comment : Designator=C35 Old Comment=0402 New Comment=0805
Change Component Comment : Designator=C36 Old Comment=0402 New Comment=0805
Change Component Comment : Designator=C37 Old Comment=0402 New Comment=0805
Change Component Comment : Designator=C38 Old Comment=0402 New Comment=0805
Change Component Comment : Designator=C39 Old Comment=0402 New Comment=0805
Change Component Comment : Designator=C40 Old Comment=0402 New Comment=0805
Change Component Comment : Designator=C41 Old Comment=0402 New Comment=0805
Change Component Comment : Designator=C42 Old Comment=0402 New Comment=0805
Change Component Comment : Designator=C43 Old Comment=0402 New Comment=0805
Change Component Comment : Designator=C44 Old Comment=0402 New Comment=0805
Change Component Comment : Designator=C45 Old Comment=0402 New Comment=0805
Change Component Comment : Designator=C46 Old Comment=0402 New Comment=0805
Change Component Comment : Designator=C47 Old Comment=0402 New Comment=0805
Change Component Comment : Designator=C58 Old Comment=0402 New Comment=0805
Change Component Comment : Designator=C86 Old Comment=0402 New Comment=0805
Change Component Comment : Designator=L1 Old Comment=0402 New Comment=0805
Change Component Comment : Designator=L8 Old Comment=0402 New Comment=0805
Change Component Comment : Designator=R1 Old Comment=0402 New Comment=0805
Change Component Comment : Designator=R2 Old Comment=0402 New Comment=0805
Change Component Comment : Designator=R3 Old Comment=0402 New Comment=0805
Change Component Comment : Designator=R4 Old Comment=0402 New Comment=0805
Change Component Comment : Designator=R5 Old Comment=0402 New Comment=0805
Change Component Comment : Designator=R6 Old Comment=0402 New Comment=0805
Change Component Comment : Designator=R7 Old Comment=0402 New Comment=0805
Change Component Comment : Designator=R8 Old Comment=0402 New Comment=0805
Change Component Comment : Designator=R9 Old Comment=0402 New Comment=0805
Change Component Comment : Designator=R10 Old Comment=0402 New Comment=0805
Change Component Comment : Designator=R11 Old Comment=0402 New Comment=0805
Change Component Comment : Designator=R12 Old Comment=0402 New Comment=0805
Change Component Comment : Designator=R13 Old Comment=0402 New Comment=0805
Change Component Comment : Designator=R14 Old Comment=0402 New Comment=0805
Change Component Comment : Designator=R15 Old Comment=0402 New Comment=0805
Change Component Comment : Designator=R16 Old Comment=0402 New Comment=0805
Change Component Comment : Designator=R17 Old Comment=0402 New Comment=0805
Change Component Comment : Designator=R18 Old Comment=0402 New Comment=0805
Change Component Comment : Designator=R19 Old Comment=0402 New Comment=0805
Change Component Comment : Designator=R20 Old Comment=0402 New Comment=0805
Change Component Comment : Designator=R21 Old Comment=0402 New Comment=0805
Change Component Comment : Designator=R22 Old Comment=0402 New Comment=0805
Change Component Comment : Designator=R23 Old Comment=0402 New Comment=0805
Change Component Comment : Designator=R24 Old Comment=0402 New Comment=0805
Change Component Comment : Designator=R25 Old Comment=0402 New Comment=0805
Change Component Comment : Designator=R26 Old Comment=0402 New Comment=0805
Change Component Comment : Designator=R27 Old Comment=0402 New Comment=0805
Change Component Comment : Designator=R28 Old Comment=0402 New Comment=0805
Change Component Comment : Designator=R29 Old Comment=0402 New Comment=0805
Change Component Comment : Designator=R30 Old Comment=0402 New Comment=0805
Change Component Comment : Designator=R31 Old Comment=0402 New Comment=0805
Change Component Comment : Designator=R32 Old Comment=0402 New Comment=0805
Change Component Comment : Designator=R33 Old Comment=0402 New Comment=0805
Change Component Comment : Designator=R34 Old Comment=0402 New Comment=0805
Change Component Comment : Designator=R35 Old Comment=0402 New Comment=0805
Change Component Comment : Designator=R36 Old Comment=0402 New Comment=0805
Change Component Comment : Designator=R37 Old Comment=0402 New Comment=0805
Change Component Comment : Designator=R38 Old Comment=0402 New Comment=0805
Change Component Comment : Designator=R39 Old Comment=0402 New Comment=0805
Change Component Comment : Designator=R40 Old Comment=0402 New Comment=0805
Change Component Comment : Designator=R41 Old Comment=0402 New Comment=0805
Change Component Comment : Designator=R42 Old Comment=0402 New Comment=0805
Change Component Comment : Designator=R87 Old Comment=0402 New Comment=0805
Change Component Comment : Designator=R88 Old Comment=0402 New Comment=0805
